[0.007s] Invoking command in '/home/sami/session9/build/cpp_package': AMENT_PREFIX_PATH=/home/sami/session9/install/action_package:${AMENT_PREFIX_PATH} CMAKE_PREFIX_PATH=/home/sami/session9/install/action_package:/opt/ros/humble LD_LIBRARY_PATH=/home/sami/session9/install/action_package/lib:${LD_LIBRARY_PATH} PYTHONPATH=/home/sami/session9/install/action_package/local/lib/python3.10/dist-packages:${PYTHONPATH} /usr/bin/cmake /home/sami/session9/src/cpp_package -DCMAKE_INSTALL_PREFIX=/home/sami/session9/install/cpp_package
[0.044s] -- The C compiler identification is GNU 11.4.0
[0.081s] -- The CXX compiler identification is GNU 11.4.0
[0.085s] -- Detecting C compiler ABI info
[0.141s] -- Detecting C compiler ABI info - done
[0.147s] -- Check for working C compiler: /usr/bin/cc - skipped
[0.147s] -- Detecting C compile features
[0.147s] -- Detecting C compile features - done
[0.150s] -- Detecting CXX compiler ABI info
[0.202s] -- Detecting CXX compiler ABI info - done
[0.209s] -- Check for working CXX compiler: /usr/bin/c++ - skipped
[0.209s] -- Detecting CXX compile features
[0.210s] -- Detecting CXX compile features - done
[0.211s] -- Found ament_cmake: 1.3.9 (/opt/ros/humble/share/ament_cmake/cmake)
[0.304s] -- Found Python3: /usr/bin/python3 (found version "3.10.12") found components: Interpreter 
[0.359s] -- Found rclcpp: 16.0.9 (/opt/ros/humble/share/rclcpp/cmake)
[0.384s] -- Found rosidl_generator_c: 3.1.5 (/opt/ros/humble/share/rosidl_generator_c/cmake)
[0.387s] -- Found rosidl_adapter: 3.1.5 (/opt/ros/humble/share/rosidl_adapter/cmake)
[0.392s] -- Found rosidl_generator_cpp: 3.1.5 (/opt/ros/humble/share/rosidl_generator_cpp/cmake)
[0.400s] -- Using all available rosidl_typesupport_c: rosidl_typesupport_fastrtps_c;rosidl_typesupport_introspection_c
[0.412s] -- Using all available rosidl_typesupport_cpp: rosidl_typesupport_fastrtps_cpp;rosidl_typesupport_introspection_cpp
[0.458s] -- Found rmw_implementation_cmake: 6.1.2 (/opt/ros/humble/share/rmw_implementation_cmake/cmake)
[0.459s] -- Found rmw_fastrtps_cpp: 6.2.6 (/opt/ros/humble/share/rmw_fastrtps_cpp/cmake)
[0.524s] -- Found OpenSSL: /usr/lib/x86_64-linux-gnu/libcrypto.so (found version "3.0.2")  
[0.543s] -- Found FastRTPS: /opt/ros/humble/include  
[0.575s] -- Using RMW implementation 'rmw_fastrtps_cpp' as default
[0.581s] -- Looking for pthread.h
[0.628s] -- Looking for pthread.h - found
[0.628s] -- Performing Test CMAKE_HAVE_LIBC_PTHREAD
[0.678s] -- Performing Test CMAKE_HAVE_LIBC_PTHREAD - Success
[0.678s] -- Found Threads: TRUE  
[0.780s] -- Found sensor_msgs: 4.2.4 (/opt/ros/humble/share/sensor_msgs/cmake)
[0.873s] -- Found nav_msgs: 4.2.4 (/opt/ros/humble/share/nav_msgs/cmake)
[0.923s] -- Found rclcpp_action: 16.0.9 (/opt/ros/humble/share/rclcpp_action/cmake)
[0.989s] -- Found tf2: 0.25.7 (/opt/ros/humble/share/tf2/cmake)
[0.998s] -- Found tf2_ros: 0.25.7 (/opt/ros/humble/share/tf2_ros/cmake)
[1.140s] -- Found std_srvs: 4.2.4 (/opt/ros/humble/share/std_srvs/cmake)
[1.150s] -- Found action_package: 0.0.0 (/home/sami/session9/install/action_package/share/action_package/cmake)
[1.229s] -- Configuring done
[1.242s] -- Generating done
[1.244s] -- Build files have been written to: /home/sami/session9/build/cpp_package
[1.251s] Invoked command in '/home/sami/session9/build/cpp_package' returned '0': AMENT_PREFIX_PATH=/home/sami/session9/install/action_package:${AMENT_PREFIX_PATH} CMAKE_PREFIX_PATH=/home/sami/session9/install/action_package:/opt/ros/humble LD_LIBRARY_PATH=/home/sami/session9/install/action_package/lib:${LD_LIBRARY_PATH} PYTHONPATH=/home/sami/session9/install/action_package/local/lib/python3.10/dist-packages:${PYTHONPATH} /usr/bin/cmake /home/sami/session9/src/cpp_package -DCMAKE_INSTALL_PREFIX=/home/sami/session9/install/cpp_package
[1.252s] Invoking command in '/home/sami/session9/build/cpp_package': AMENT_PREFIX_PATH=/home/sami/session9/install/action_package:${AMENT_PREFIX_PATH} CMAKE_PREFIX_PATH=/home/sami/session9/install/action_package:/opt/ros/humble LD_LIBRARY_PATH=/home/sami/session9/install/action_package/lib:${LD_LIBRARY_PATH} PYTHONPATH=/home/sami/session9/install/action_package/local/lib/python3.10/dist-packages:${PYTHONPATH} /usr/bin/cmake --build /home/sami/session9/build/cpp_package -- -j8 -l8
[1.287s] [ 50%] [32mBuilding CXX object CMakeFiles/robot_driver.dir/src/robot_driver.cpp.o[0m
[1.287s] [ 50%] [32mBuilding CXX object CMakeFiles/lap_time_action_server.dir/src/lap_time_action_server.cpp.o[0m
[1.288s] [ 50%] [32mBuilding CXX object CMakeFiles/wall_finder_service.dir/src/wall_finder_service.cpp.o[0m
[1.288s] [ 50%] [32mBuilding CXX object CMakeFiles/lap_time_action_client.dir/src/lap_time_action_client.cpp.o[0m
[1.456s] In file included from [01m[K/home/sami/session9/src/cpp_package/src/wall_finder_service.cpp:1[m[K:
[1.456s] [01m[K/home/sami/session9/src/cpp_package/include/cpp_package/wall_finder_service.hpp:6:10:[m[K [01;31m[Kfatal error: [m[Kaction_package/srv/find_closest_wall.hpp: No such file or directory
[1.456s]     6 | #include [01;31m[K"action_package/srv/find_closest_wall.hpp"[m[K
[1.456s]       |          [01;31m[K^~~~~~~~~~~~~~~~~~~~~~~~~~~~~~~~~~~~~~~~~~[m[K
[1.456s] compilation terminated.
[1.462s] gmake[2]: *** [CMakeFiles/wall_finder_service.dir/build.make:76: CMakeFiles/wall_finder_service.dir/src/wall_finder_service.cpp.o] Error 1
[1.462s] gmake[1]: *** [CMakeFiles/Makefile2:221: CMakeFiles/wall_finder_service.dir/all] Error 2
[1.462s] gmake[1]: *** Waiting for unfinished jobs....
[4.450s] [ 62%] [32m[1mLinking CXX executable lap_time_action_client[0m
[4.630s] [ 62%] Built target lap_time_action_client
[7.952s] [ 75%] [32m[1mLinking CXX executable lap_time_action_server[0m
[8.313s] [ 75%] Built target lap_time_action_server
[9.428s] [ 87%] [32m[1mLinking CXX executable robot_driver[0m
[9.853s] [ 87%] Built target robot_driver
[9.854s] gmake: *** [Makefile:146: all] Error 2
[9.856s] Invoked command in '/home/sami/session9/build/cpp_package' returned '2': AMENT_PREFIX_PATH=/home/sami/session9/install/action_package:${AMENT_PREFIX_PATH} CMAKE_PREFIX_PATH=/home/sami/session9/install/action_package:/opt/ros/humble LD_LIBRARY_PATH=/home/sami/session9/install/action_package/lib:${LD_LIBRARY_PATH} PYTHONPATH=/home/sami/session9/install/action_package/local/lib/python3.10/dist-packages:${PYTHONPATH} /usr/bin/cmake --build /home/sami/session9/build/cpp_package -- -j8 -l8
